<?xml version="1.0" encoding="UTF-8"?>
<robot generator="Robot 7.0 (Python 3.10.12 on linux)" generated="2024-05-08T11:13:34.061953" rpa="false" schemaversion="5">
<suite id="s1" name="Standard User" source="/home/ssihvola/Desktop/swaglabs-with-robotframework/test-suites/standard_user.robot">
<test id="s1-t1" name="Login" line="5">
<kw name="Open Browser" owner="SeleniumLibrary">
<msg time="2024-05-08T11:13:34.237550" level="INFO">Opening browser 'chrome' to base url 'https://www.saucedemo.com/'.</msg>
<arg>url=https://www.saucedemo.com/</arg>
<arg>browser=chrome</arg>
<doc>Opens a new browser instance to the optional ``url``.</doc>
<status status="PASS" start="2024-05-08T11:13:34.237226" elapsed="4.114820"/>
</kw>
<kw name="Input Text" owner="SeleniumLibrary">
<msg time="2024-05-08T11:13:38.353746" level="INFO">Typing text 'standard_user' into text field 'user-name'.</msg>
<arg>user-name</arg>
<arg>standard_user</arg>
<doc>Types the given ``text`` into the text field identified by ``locator``.</doc>
<status status="PASS" start="2024-05-08T11:13:38.352844" elapsed="0.308558"/>
</kw>
<kw name="Input Text" owner="SeleniumLibrary">
<msg time="2024-05-08T11:13:38.662251" level="INFO">Typing text 'secret_sauce' into text field 'password'.</msg>
<arg>password</arg>
<arg>secret_sauce</arg>
<doc>Types the given ``text`` into the text field identified by ``locator``.</doc>
<status status="PASS" start="2024-05-08T11:13:38.661855" elapsed="0.140039"/>
</kw>
<kw name="Click Link" owner="SeleniumLibrary">
<msg time="2024-05-08T11:13:38.802688" level="INFO">Clicking link 'Login'.</msg>
<msg time="2024-05-08T11:13:38.906442" level="INFO" html="true">&lt;/td&gt;&lt;/tr&gt;&lt;tr&gt;&lt;td colspan="3"&gt;&lt;a href="selenium-screenshot-1.png"&gt;&lt;img src="selenium-screenshot-1.png" width="800px"&gt;&lt;/a&gt;</msg>
<msg time="2024-05-08T11:13:38.906661" level="FAIL">Link with locator 'Login' not found.</msg>
<arg>Login</arg>
<doc>Clicks a link identified by ``locator``.</doc>
<status status="FAIL" start="2024-05-08T11:13:38.802311" elapsed="0.106671">Link with locator 'Login' not found.</status>
</kw>
<kw name="Wait Until Page Contains" owner="SeleniumLibrary">
<arg>Sauce Labs Backpack</arg>
<doc>Waits until ``text`` appears on the current page.</doc>
<status status="NOT RUN" start="2024-05-08T11:13:38.909356" elapsed="0.000050"/>
</kw>
<kw name="Page Should Contain" owner="SeleniumLibrary">
<arg>Sauce Labs Backpack</arg>
<doc>Verifies that current page contains ``text``.</doc>
<status status="NOT RUN" start="2024-05-08T11:13:38.909635" elapsed="0.000039"/>
</kw>
<kw name="Close Browser" owner="SeleniumLibrary">
<doc>Closes the current browser.</doc>
<status status="NOT RUN" start="2024-05-08T11:13:38.909864" elapsed="0.000036"/>
</kw>
<status status="FAIL" start="2024-05-08T11:13:34.236199" elapsed="4.673980">Link with locator 'Login' not found.</status>
</test>
<status status="FAIL" start="2024-05-08T11:13:34.063024" elapsed="4.847756"/>
</suite>
<statistics>
<total>
<stat pass="0" fail="1" skip="0">All Tests</stat>
</total>
<tag>
</tag>
<suite>
<stat pass="0" fail="1" skip="0" id="s1" name="Standard User">Standard User</stat>
</suite>
</statistics>
<errors>
</errors>
</robot>
