<?xml version="1.0" encoding="UTF-8"?>
<robot generator="Robot 7.0 (Python 3.10.12 on linux)" generated="2024-05-08T11:48:33.862111" rpa="false" schemaversion="5">
<suite id="s1" name="Standard User" source="/home/ssihvola/Desktop/swaglabs-with-robotframework/test-suites/standard_user/standard_user.robot">
<test id="s1-t1" name="Login" line="5">
<kw name="Open Browser" owner="SeleniumLibrary">
<msg time="2024-05-08T11:48:34.010907" level="INFO">Opening browser 'chrome' to base url 'https://www.saucedemo.com/'.</msg>
<arg>url=https://www.saucedemo.com/</arg>
<arg>browser=chrome</arg>
<doc>Opens a new browser instance to the optional ``url``.</doc>
<status status="PASS" start="2024-05-08T11:48:34.010578" elapsed="1.494949"/>
</kw>
<kw name="Input Text" owner="SeleniumLibrary">
<msg time="2024-05-08T11:48:35.510795" level="INFO">Typing text 'standard_user' into text field 'user-name'.</msg>
<arg>user-name</arg>
<arg>${USERNAME}</arg>
<doc>Types the given ``text`` into the text field identified by ``locator``.</doc>
<status status="PASS" start="2024-05-08T11:48:35.507674" elapsed="0.262628"/>
</kw>
<kw name="Input Text" owner="SeleniumLibrary">
<msg time="2024-05-08T11:48:35.771910" level="INFO">Typing text 'secret_sauce' into text field 'password'.</msg>
<arg>password</arg>
<arg>${PASSWORD}</arg>
<doc>Types the given ``text`` into the text field identified by ``locator``.</doc>
<status status="PASS" start="2024-05-08T11:48:35.771155" elapsed="0.143044"/>
</kw>
<kw name="Click Button" owner="SeleniumLibrary">
<msg time="2024-05-08T11:48:35.915053" level="INFO">Clicking button 'class:submit-button'.</msg>
<arg>class:submit-button</arg>
<doc>Clicks the button identified by ``locator``.</doc>
<status status="PASS" start="2024-05-08T11:48:35.914644" elapsed="0.132211"/>
</kw>
<kw name="Wait Until Page Contains" owner="SeleniumLibrary">
<arg>Sauce Labs Backpack</arg>
<doc>Waits until ``text`` appears on the current page.</doc>
<status status="PASS" start="2024-05-08T11:48:36.047224" elapsed="0.021882"/>
</kw>
<kw name="Page Should Contain" owner="SeleniumLibrary">
<msg time="2024-05-08T11:48:36.084598" level="INFO">Current page contains text 'Sauce Labs Backpack'.</msg>
<arg>Sauce Labs Backpack</arg>
<doc>Verifies that current page contains ``text``.</doc>
<status status="PASS" start="2024-05-08T11:48:36.069575" elapsed="0.015199"/>
</kw>
<status status="PASS" start="2024-05-08T11:48:34.009531" elapsed="2.075669"/>
</test>
<test id="s1-t2" name="Add product to cart" line="13">
<kw name="Click Button" owner="SeleniumLibrary">
<msg time="2024-05-08T11:48:36.087366" level="INFO">Clicking button 'add-to-cart-sauce-labs-backpack'.</msg>
<arg>add-to-cart-sauce-labs-backpack</arg>
<doc>Clicks the button identified by ``locator``.</doc>
<status status="PASS" start="2024-05-08T11:48:36.086875" elapsed="0.079481"/>
</kw>
<kw name="Wait Until Page Contains Element" owner="SeleniumLibrary">
<arg>class:shopping_cart_badge</arg>
<arg>1</arg>
<doc>Waits until the element ``locator`` appears on the current page.</doc>
<status status="PASS" start="2024-05-08T11:48:36.166836" elapsed="0.015799"/>
</kw>
<status status="PASS" start="2024-05-08T11:48:36.085900" elapsed="0.097027"/>
</test>
<test id="s1-t3" name="Remove product from cart" line="17">
<kw name="Click Button" owner="SeleniumLibrary">
<msg time="2024-05-08T11:48:36.183844" level="INFO">Clicking button 'remove-sauce-labs-backpack'.</msg>
<arg>remove-sauce-labs-backpack</arg>
<doc>Clicks the button identified by ``locator``.</doc>
<status status="PASS" start="2024-05-08T11:48:36.183590" elapsed="0.067370"/>
</kw>
<kw name="Wait Until Page Does Not Contain Element" owner="SeleniumLibrary">
<arg>class:shopping_cart_badge</arg>
<doc>Waits until the element ``locator`` disappears from the current page.</doc>
<status status="PASS" start="2024-05-08T11:48:36.251422" elapsed="0.010515"/>
</kw>
<status status="PASS" start="2024-05-08T11:48:36.183201" elapsed="0.079056"/>
</test>
<test id="s1-t4" name="Add all products to cart" line="21">
<kw name="Click Button" owner="SeleniumLibrary">
<msg time="2024-05-08T11:48:36.263249" level="INFO">Clicking button 'add-to-cart-sauce-labs-backpack'.</msg>
<arg>add-to-cart-sauce-labs-backpack</arg>
<doc>Clicks the button identified by ``locator``.</doc>
<status status="PASS" start="2024-05-08T11:48:36.263001" elapsed="0.058994"/>
</kw>
<kw name="Click Button" owner="SeleniumLibrary">
<msg time="2024-05-08T11:48:36.322842" level="INFO">Clicking button 'add-to-cart-sauce-labs-bike-light'.</msg>
<arg>add-to-cart-sauce-labs-bike-light</arg>
<doc>Clicks the button identified by ``locator``.</doc>
<status status="PASS" start="2024-05-08T11:48:36.322437" elapsed="0.078425"/>
</kw>
<kw name="Click Button" owner="SeleniumLibrary">
<msg time="2024-05-08T11:48:36.401730" level="INFO">Clicking button 'add-to-cart-sauce-labs-bolt-t-shirt'.</msg>
<arg>add-to-cart-sauce-labs-bolt-t-shirt</arg>
<doc>Clicks the button identified by ``locator``.</doc>
<status status="PASS" start="2024-05-08T11:48:36.401318" elapsed="0.073007"/>
</kw>
<kw name="Click Button" owner="SeleniumLibrary">
<msg time="2024-05-08T11:48:36.475308" level="INFO">Clicking button 'add-to-cart-sauce-labs-fleece-jacket'.</msg>
<arg>add-to-cart-sauce-labs-fleece-jacket</arg>
<doc>Clicks the button identified by ``locator``.</doc>
<status status="PASS" start="2024-05-08T11:48:36.474944" elapsed="0.069505"/>
</kw>
<kw name="Click Button" owner="SeleniumLibrary">
<msg time="2024-05-08T11:48:36.545142" level="INFO">Clicking button 'add-to-cart-sauce-labs-onesie'.</msg>
<arg>add-to-cart-sauce-labs-onesie</arg>
<doc>Clicks the button identified by ``locator``.</doc>
<status status="PASS" start="2024-05-08T11:48:36.544828" elapsed="0.071757"/>
</kw>
<kw name="Click Button" owner="SeleniumLibrary">
<msg time="2024-05-08T11:48:36.617289" level="INFO">Clicking button 'add-to-cart-test.allthethings()-t-shirt-(red)'.</msg>
<arg>add-to-cart-test.allthethings()-t-shirt-(red)</arg>
<doc>Clicks the button identified by ``locator``.</doc>
<status status="PASS" start="2024-05-08T11:48:36.616969" elapsed="0.068392"/>
</kw>
<kw name="Wait Until Page Contains Element" owner="SeleniumLibrary">
<arg>class:shopping_cart_badge</arg>
<arg>6</arg>
<doc>Waits until the element ``locator`` appears on the current page.</doc>
<status status="PASS" start="2024-05-08T11:48:36.685837" elapsed="0.011133"/>
</kw>
<status status="PASS" start="2024-05-08T11:48:36.262586" elapsed="0.434770"/>
</test>
<test id="s1-t5" name="Remove products from cart before checkout" line="30">
<kw name="Click Button" owner="SeleniumLibrary">
<msg time="2024-05-08T11:48:36.698730" level="INFO">Clicking button 'remove-sauce-labs-bike-light'.</msg>
<arg>remove-sauce-labs-bike-light</arg>
<doc>Clicks the button identified by ``locator``.</doc>
<status status="PASS" start="2024-05-08T11:48:36.698418" elapsed="0.072476"/>
</kw>
<kw name="Click Button" owner="SeleniumLibrary">
<msg time="2024-05-08T11:48:36.771748" level="INFO">Clicking button 'remove-sauce-labs-bolt-t-shirt'.</msg>
<arg>remove-sauce-labs-bolt-t-shirt</arg>
<doc>Clicks the button identified by ``locator``.</doc>
<status status="PASS" start="2024-05-08T11:48:36.771381" elapsed="0.076299"/>
</kw>
<kw name="Click Button" owner="SeleniumLibrary">
<msg time="2024-05-08T11:48:36.848554" level="INFO">Clicking button 'remove-sauce-labs-fleece-jacket'.</msg>
<arg>remove-sauce-labs-fleece-jacket</arg>
<doc>Clicks the button identified by ``locator``.</doc>
<status status="PASS" start="2024-05-08T11:48:36.848145" elapsed="0.071751"/>
</kw>
<kw name="Click Button" owner="SeleniumLibrary">
<msg time="2024-05-08T11:48:36.920998" level="INFO">Clicking button 'remove-sauce-labs-onesie'.</msg>
<arg>remove-sauce-labs-onesie</arg>
<doc>Clicks the button identified by ``locator``.</doc>
<status status="PASS" start="2024-05-08T11:48:36.920509" elapsed="0.068905"/>
</kw>
<kw name="Click Button" owner="SeleniumLibrary">
<msg time="2024-05-08T11:48:36.990273" level="INFO">Clicking button 'remove-test.allthethings()-t-shirt-(red)'.</msg>
<arg>remove-test.allthethings()-t-shirt-(red)</arg>
<doc>Clicks the button identified by ``locator``.</doc>
<status status="PASS" start="2024-05-08T11:48:36.989862" elapsed="0.070788"/>
</kw>
<kw name="Wait Until Page Contains Element" owner="SeleniumLibrary">
<arg>class:shopping_cart_badge</arg>
<arg>1</arg>
<doc>Waits until the element ``locator`` appears on the current page.</doc>
<status status="PASS" start="2024-05-08T11:48:37.061161" elapsed="0.010739"/>
</kw>
<status status="PASS" start="2024-05-08T11:48:36.697761" elapsed="0.374567"/>
</test>
<test id="s1-t6" name="Checkout" line="38">
<kw name="Click Link" owner="SeleniumLibrary">
<msg time="2024-05-08T11:48:37.073444" level="INFO">Clicking link 'class:shopping_cart_link'.</msg>
<arg>class:shopping_cart_link</arg>
<doc>Clicks a link identified by ``locator``.</doc>
<status status="PASS" start="2024-05-08T11:48:37.073173" elapsed="0.068535"/>
</kw>
<kw name="Click Button" owner="SeleniumLibrary">
<msg time="2024-05-08T11:48:37.142564" level="INFO">Clicking button 'checkout'.</msg>
<arg>checkout</arg>
<doc>Clicks the button identified by ``locator``.</doc>
<status status="PASS" start="2024-05-08T11:48:37.142131" elapsed="0.092415"/>
</kw>
<kw name="Wait Until Page Contains" owner="SeleniumLibrary">
<arg>Checkout: Your Information</arg>
<doc>Waits until ``text`` appears on the current page.</doc>
<status status="PASS" start="2024-05-08T11:48:37.235215" elapsed="0.015413"/>
</kw>
<kw name="Page Should Contain" owner="SeleniumLibrary">
<msg time="2024-05-08T11:48:37.263003" level="INFO">Current page contains text 'Checkout: Your Information'.</msg>
<arg>Checkout: Your Information</arg>
<doc>Verifies that current page contains ``text``.</doc>
<status status="PASS" start="2024-05-08T11:48:37.251025" elapsed="0.012098"/>
</kw>
<status status="PASS" start="2024-05-08T11:48:37.072728" elapsed="0.190674"/>
</test>
<test id="s1-t7" name="Incorrect information" line="44">
<kw name="Click Button" owner="SeleniumLibrary">
<msg time="2024-05-08T11:48:37.264361" level="INFO">Clicking button 'continue'.</msg>
<arg>continue</arg>
<doc>Clicks the button identified by ``locator``.</doc>
<status status="PASS" start="2024-05-08T11:48:37.264116" elapsed="0.078370"/>
</kw>
<kw name="Wait Until Page Contains" owner="SeleniumLibrary">
<arg>Error: First Name is required</arg>
<doc>Waits until ``text`` appears on the current page.</doc>
<status status="PASS" start="2024-05-08T11:48:37.342909" elapsed="0.016381"/>
</kw>
<kw name="Page Should Contain" owner="SeleniumLibrary">
<msg time="2024-05-08T11:48:37.372057" level="INFO">Current page contains text 'Error: First Name is required'.</msg>
<arg>Error: First Name is required</arg>
<doc>Verifies that current page contains ``text``.</doc>
<status status="PASS" start="2024-05-08T11:48:37.359642" elapsed="0.012658"/>
</kw>
<status status="PASS" start="2024-05-08T11:48:37.263710" elapsed="0.109054"/>
</test>
<test id="s1-t8" name="Correct information" line="49">
<kw name="Input Text" owner="SeleniumLibrary">
<msg time="2024-05-08T11:48:37.374673" level="INFO">Typing text 'robot' into text field 'firstName'.</msg>
<arg>firstName</arg>
<arg>robot</arg>
<doc>Types the given ``text`` into the text field identified by ``locator``.</doc>
<status status="PASS" start="2024-05-08T11:48:37.374292" elapsed="0.116203"/>
</kw>
<kw name="Input Text" owner="SeleniumLibrary">
<msg time="2024-05-08T11:48:37.491065" level="INFO">Typing text 'framework' into text field 'lastName'.</msg>
<arg>lastName</arg>
<arg>framework</arg>
<doc>Types the given ``text`` into the text field identified by ``locator``.</doc>
<status status="PASS" start="2024-05-08T11:48:37.490811" elapsed="0.131571"/>
</kw>
<kw name="Input Text" owner="SeleniumLibrary">
<msg time="2024-05-08T11:48:37.623206" level="INFO">Typing text '00100' into text field 'postalCode'.</msg>
<arg>postalCode</arg>
<arg>00100</arg>
<doc>Types the given ``text`` into the text field identified by ``locator``.</doc>
<status status="PASS" start="2024-05-08T11:48:37.622811" elapsed="0.116481"/>
</kw>
<kw name="Click Button" owner="SeleniumLibrary">
<msg time="2024-05-08T11:48:37.740059" level="INFO">Clicking button 'continue'.</msg>
<arg>continue</arg>
<doc>Clicks the button identified by ``locator``.</doc>
<status status="PASS" start="2024-05-08T11:48:37.739698" elapsed="0.070310"/>
</kw>
<kw name="Wait Until Page Contains" owner="SeleniumLibrary">
<arg>Checkout: Overview</arg>
<doc>Waits until ``text`` appears on the current page.</doc>
<status status="PASS" start="2024-05-08T11:48:37.810441" elapsed="0.017165"/>
</kw>
<kw name="Page Should Contain" owner="SeleniumLibrary">
<msg time="2024-05-08T11:48:37.841469" level="INFO">Current page contains text 'Checkout: Overview'.</msg>
<arg>Checkout: Overview</arg>
<doc>Verifies that current page contains ``text``.</doc>
<status status="PASS" start="2024-05-08T11:48:37.827900" elapsed="0.013735"/>
</kw>
<status status="PASS" start="2024-05-08T11:48:37.373508" elapsed="0.468487"/>
</test>
<test id="s1-t9" name="Finalize order" line="57">
<kw name="Click Button" owner="SeleniumLibrary">
<msg time="2024-05-08T11:48:37.843077" level="INFO">Clicking button 'finish'.</msg>
<arg>finish</arg>
<doc>Clicks the button identified by ``locator``.</doc>
<status status="PASS" start="2024-05-08T11:48:37.842778" elapsed="0.075084"/>
</kw>
<kw name="Wait Until Page Contains" owner="SeleniumLibrary">
<arg>Thank you for your order!</arg>
<doc>Waits until ``text`` appears on the current page.</doc>
<status status="PASS" start="2024-05-08T11:48:37.918515" elapsed="0.016127"/>
</kw>
<kw name="Page Should Contain" owner="SeleniumLibrary">
<msg time="2024-05-08T11:48:37.948014" level="INFO">Current page contains text 'Thank you for your order!'.</msg>
<arg>Thank you for your order!</arg>
<doc>Verifies that current page contains ``text``.</doc>
<status status="PASS" start="2024-05-08T11:48:37.935171" elapsed="0.012987"/>
</kw>
<status status="PASS" start="2024-05-08T11:48:37.842329" elapsed="0.106172"/>
</test>
<test id="s1-t10" name="Return to homepage" line="62">
<kw name="Click Button" owner="SeleniumLibrary">
<msg time="2024-05-08T11:48:37.949527" level="INFO">Clicking button 'back-to-products'.</msg>
<arg>back-to-products</arg>
<doc>Clicks the button identified by ``locator``.</doc>
<status status="PASS" start="2024-05-08T11:48:37.949201" elapsed="0.088305"/>
</kw>
<kw name="Wait Until Page Contains" owner="SeleniumLibrary">
<arg>Products</arg>
<doc>Waits until ``text`` appears on the current page.</doc>
<status status="PASS" start="2024-05-08T11:48:38.037904" elapsed="0.015139"/>
</kw>
<kw name="Wait Until Page Does Not Contain Element" owner="SeleniumLibrary">
<arg>class:shopping_cart_badge</arg>
<doc>Waits until the element ``locator`` disappears from the current page.</doc>
<status status="PASS" start="2024-05-08T11:48:38.053443" elapsed="0.009286"/>
</kw>
<status status="PASS" start="2024-05-08T11:48:37.948817" elapsed="0.114258"/>
</test>
<status status="PASS" start="2024-05-08T11:48:33.863360" elapsed="4.200493"/>
</suite>
<statistics>
<total>
<stat pass="10" fail="0" skip="0">All Tests</stat>
</total>
<tag>
</tag>
<suite>
<stat pass="10" fail="0" skip="0" id="s1" name="Standard User">Standard User</stat>
</suite>
</statistics>
<errors>
</errors>
</robot>
